<?xml version="1.0" encoding="UTF-8"?>
<!-- Generated by org.testng.reporters.JUnitReportReporter -->
<testsuite hostname="DESKTOP-6OC5O3O" failures="0" tests="2" name="Com.Selenium.PropertiesFile" time="11.043" errors="0" timestamp="2025-09-03T17:11:13 IST" skipped="0">
  <testcase classname="Com.Selenium.PropertiesFile" name="setUp" time="9.103"/>
  <system-out/>
  <testcase classname="Com.Selenium.PropertiesFile" name="loginData" time="1.940"/>
  <system-out/>
</testsuite> <!-- Com.Selenium.PropertiesFile -->
