<?xml version="1.0" encoding="UTF-8"?>
<!-- Generated by org.testng.reporters.JUnitReportReporter -->
<testsuite hostname="DESKTOP-6OC5O3O" failures="0" tests="2" name="Com.Selenium.LoginTestPom" time="9.627" errors="0" timestamp="2025-09-02T19:16:54 IST" skipped="0">
  <testcase classname="Com.Selenium.LoginTestPom" name="setUp" time="8.394"/>
  <system-out/>
  <testcase classname="Com.Selenium.LoginTestPom" name="loginCredential" time="1.233"/>
  <system-out/>
</testsuite> <!-- Com.Selenium.LoginTestPom -->
