<?xml version="1.0" encoding="UTF-8"?>
<!-- Generated by org.testng.reporters.JUnitReportReporter -->
<testsuite hostname="DESKTOP-6OC5O3O" failures="0" tests="5" name="Com.Selenium.GroupsConcept" time="0.029" errors="0" timestamp="2025-09-01T17:35:02 IST" skipped="1">
  <testcase classname="Com.Selenium.GroupsConcept" name="Wipro" time="0.003"/>
  <system-out/>
  <testcase classname="Com.Selenium.GroupsConcept" name="Wipro" time="0.002"/>
  <system-out/>
  <testcase classname="Com.Selenium.GroupsConcept" name="Wipro" time="0.010"/>
  <system-out/>
  <testcase classname="Com.Selenium.GroupsConcept" name="Wipro" time="0.014"/>
  <system-out/>
  <testcase classname="Com.Selenium.GroupsConcept" name="Tcs">
    <skipped/>
  </testcase> <!-- Tcs -->
  <system-out/>
</testsuite> <!-- Com.Selenium.GroupsConcept -->
