<?xml version="1.0" encoding="UTF-8"?>
<!-- Generated by org.testng.reporters.JUnitReportReporter -->
<testsuite hostname="DESKTOP-6OC5O3O" failures="0" tests="4" name="Com.Selenium.ParameterConceptTestNG" time="11.938" errors="0" timestamp="2025-09-22T12:54:03 IST" skipped="0">
  <testcase classname="Com.Selenium.ParameterConceptTestNG" name="openUrl" time="1.282"/>
  <system-out/>
  <testcase classname="Com.Selenium.ParameterConceptTestNG" name="openUrl" time="0.581"/>
  <system-out/>
  <testcase classname="Com.Selenium.ParameterConceptTestNG" name="checkTitle" time="5.065"/>
  <system-out/>
  <testcase classname="Com.Selenium.ParameterConceptTestNG" name="checkTitle" time="5.010"/>
  <system-out/>
</testsuite> <!-- Com.Selenium.ParameterConceptTestNG -->
