<?xml version="1.0" encoding="UTF-8"?>
<!-- Generated by org.testng.reporters.JUnitReportReporter -->
<testsuite hostname="DESKTOP-6OC5O3O" failures="0" tests="4" name="Com.Selenium.ParameterConceptTestNG" time="11.639" errors="0" timestamp="2025-09-02T15:59:22 IST" skipped="0">
  <testcase classname="Com.Selenium.ParameterConceptTestNG" name="openUrl" time="0.665"/>
  <system-out/>
  <testcase classname="Com.Selenium.ParameterConceptTestNG" name="openUrl" time="0.595"/>
  <system-out/>
  <testcase classname="Com.Selenium.ParameterConceptTestNG" name="checkTitle" time="5.366"/>
  <system-out/>
  <testcase classname="Com.Selenium.ParameterConceptTestNG" name="checkTitle" time="5.013"/>
  <system-out/>
</testsuite> <!-- Com.Selenium.ParameterConceptTestNG -->
