<?xml version="1.0" encoding="UTF-8"?>
<!-- Generated by org.testng.reporters.JUnitReportReporter -->
<testsuite hostname="DESKTOP-6OC5O3O" failures="0" tests="5" name="Com.Selenium.GroupsConceptTestNG" time="0.023" errors="0" timestamp="2025-09-01T17:38:51 IST" skipped="0">
  <testcase classname="Com.Selenium.GroupsConceptTestNG" name="Wipro" time="0.011"/>
  <system-out/>
  <testcase classname="Com.Selenium.GroupsConceptTestNG" name="Wipro" time="0.005"/>
  <system-out/>
  <testcase classname="Com.Selenium.GroupsConceptTestNG" name="Wipro" time="0.002"/>
  <system-out/>
  <testcase classname="Com.Selenium.GroupsConceptTestNG" name="Wipro" time="0.004"/>
  <system-out/>
  <testcase classname="Com.Selenium.GroupsConceptTestNG" name="Tcs" time="0.001"/>
  <system-out/>
</testsuite> <!-- Com.Selenium.GroupsConceptTestNG -->
