<?xml version="1.0" encoding="UTF-8"?>
<!-- Generated by org.testng.reporters.JUnitReportReporter -->
<testsuite hostname="DESKTOP-6OC5O3O" failures="0" tests="3" name="Com.Selenium.DataProviderTestNG" time="21.209" errors="0" timestamp="2025-09-02T18:36:08 IST" skipped="0">
  <testcase classname="Com.Selenium.DataProviderTestNG" name="signInData" time="2.259"/>
  <system-out/>
  <testcase classname="Com.Selenium.DataProviderTestNG" name="lunchBrowser" time="18.514"/>
  <system-out/>
  <testcase classname="Com.Selenium.DataProviderTestNG" name="signInData" time="0.436"/>
  <system-out/>
</testsuite> <!-- Com.Selenium.DataProviderTestNG -->
