<?xml version="1.0" encoding="UTF-8"?>
<!-- Generated by org.testng.reporters.JUnitReportReporter -->
<testsuite hostname="DESKTOP-6OC5O3O" failures="0" tests="1" name="Com.Selenium.Selenium_Challenge" time="4.734" errors="0" timestamp="2025-08-29T16:31:43 IST" skipped="0">
  <testcase classname="Com.Selenium.Selenium_Challenge" name="demo" time="4.734"/>
  <system-out/>
</testsuite> <!-- Com.Selenium.Selenium_Challenge -->
