<?xml version="1.0" encoding="UTF-8"?>
<!-- Generated by org.testng.reporters.JUnitReportReporter -->
<testsuite hostname="DESKTOP-6OC5O3O" failures="0" tests="2" name="Com.Selenium.LoginWithOutPageFactory" time="8.747" errors="0" timestamp="2025-09-02T18:48:20 IST" skipped="0">
  <testcase classname="Com.Selenium.LoginWithOutPageFactory" name="setUp" time="7.681"/>
  <system-out/>
  <testcase classname="Com.Selenium.LoginWithOutPageFactory" name="loginCredential" time="1.066"/>
  <system-out/>
</testsuite> <!-- Com.Selenium.LoginWithOutPageFactory -->
